build/app/intermediates/manifest_merge_blame_file/release/manifest-merger-blame-release-report.txt
1<?xml version="1.0" encoding="utf-8"?>
2<manifest xmlns:android="http://schemas.android.com/apk/res/android"
3    package="com.tatbeqakum.bilqomapp"
4    android:versionCode="4"
5    android:versionName="1.0.3" >
6
7    <uses-sdk
8        android:minSdkVersion="28"
8-->src\main\AndroidManifest.xml
9        android:targetSdkVersion="29" />
9-->src\main\AndroidManifest.xml
10    <!-- package="com.tatbeqakum.bilqomapp"> -->
11    <!--
12         io.flutter.app.FlutterApplication is an android.app.Application that
13         calls FlutterMain.startInitialization(this); in its onCreate method.
14         In most cases you can leave this as-is, but you if you want to provide
15         additional functionality it is fine to subclass or reimplement
16         FlutterApplication and put your custom class here.
17    -->
18    <uses-permission android:name="android.permission.ACCESS_FINE_LOCATION" />
18-->src\main\AndroidManifest.xml:9:5-79
18-->src\main\AndroidManifest.xml:9:22-76
19    <uses-permission android:name="android.permission.ACCESS_COARSE_LOCATION" />
19-->src\main\AndroidManifest.xml:10:5-81
19-->src\main\AndroidManifest.xml:10:22-78
20    <uses-permission android:name="android.permission.INTERNET" />
20-->src\main\AndroidManifest.xml:11:5-66
20-->src\main\AndroidManifest.xml:11:22-64
21
22    <uses-feature
22-->src\main\AndroidManifest.xml:12:5-95
23        android:name="android.hardware.location.network"
23-->src\main\AndroidManifest.xml:12:19-67
24        android:required="false" />
24-->src\main\AndroidManifest.xml:12:68-92
25    <uses-feature
25-->src\main\AndroidManifest.xml:13:5-92
26        android:name="android.hardware.location.gps"
26-->src\main\AndroidManifest.xml:13:19-63
27        android:required="false" />
27-->src\main\AndroidManifest.xml:13:64-88
28
29    <uses-permission android:name="android.permission.WAKE_LOCK" />
29-->[:firebase_messaging] AndroidManifest.xml:8:5-68
29-->[:firebase_messaging] AndroidManifest.xml:8:22-65
30    <uses-permission android:name="android.permission.ACCESS_NETWORK_STATE" />
30-->[:firebase_messaging] AndroidManifest.xml:9:5-79
30-->[:firebase_messaging] AndroidManifest.xml:9:22-76
31    <uses-permission android:name="android.permission.RECEIVE_BOOT_COMPLETED" />
31-->[:flutter_local_notifications] AndroidManifest.xml:7:5-81
31-->[:flutter_local_notifications] AndroidManifest.xml:7:22-78
32    <uses-permission android:name="android.permission.VIBRATE" />
32-->[:flutter_local_notifications] AndroidManifest.xml:8:5-66
32-->[:flutter_local_notifications] AndroidManifest.xml:8:22-63
33    <uses-permission android:name="android.permission.USE_FULL_SCREEN_INTENT" /> <!-- Required by older versions of Google Play services to create IID tokens -->
33-->[:flutter_local_notifications] AndroidManifest.xml:9:5-81
33-->[:flutter_local_notifications] AndroidManifest.xml:9:22-78
34    <uses-permission android:name="com.google.android.c2dm.permission.RECEIVE" />
34-->[com.google.firebase:firebase-messaging:22.0.0] AndroidManifest.xml:25:5-82
34-->[com.google.firebase:firebase-messaging:22.0.0] AndroidManifest.xml:25:22-79
35    <uses-permission android:name="com.google.android.finsky.permission.BIND_GET_INSTALL_REFERRER_SERVICE" />
35-->[com.google.android.gms:play-services-measurement:19.0.1] AndroidManifest.xml:26:5-110
35-->[com.google.android.gms:play-services-measurement:19.0.1] AndroidManifest.xml:26:22-107
36
37    <uses-feature
37-->[com.google.android.gms:play-services-maps:17.0.0] AndroidManifest.xml:26:5-28:35
38        android:glEsVersion="0x00020000"
38-->[com.google.android.gms:play-services-maps:17.0.0] AndroidManifest.xml:27:9-41
39        android:required="true" />
39-->[com.google.android.gms:play-services-maps:17.0.0] AndroidManifest.xml:28:9-32
40
41    <application
41-->src\main\AndroidManifest.xml:15:5-68:19
42        android:name="com.tatbeqakum.bilqomapp.Application"
42-->src\main\AndroidManifest.xml:16:9-36
43        android:appComponentFactory="androidx.core.app.CoreComponentFactory"
43-->[androidx.core:core:1.3.2] AndroidManifest.xml:24:18-86
44        android:extractNativeLibs="false"
45        android:icon="@mipmap/launcher_icon"
45-->src\main\AndroidManifest.xml:20:9-45
46        android:label="@string/app_name"
46-->src\main\AndroidManifest.xml:17:9-41
47        android:networkSecurityConfig="@xml/network_security_config"
47-->src\main\AndroidManifest.xml:18:9-69
48        android:usesCleartextTraffic="true" >
48-->src\main\AndroidManifest.xml:19:9-44
49        <activity
49-->src\main\AndroidManifest.xml:21:9-53:20
50            android:name="com.tatbeqakum.bilqomapp.MainActivity"
50-->src\main\AndroidManifest.xml:22:13-41
51            android:configChanges="orientation|keyboardHidden|keyboard|screenSize|smallestScreenSize|locale|layoutDirection|fontScale|screenLayout|density|uiMode"
51-->src\main\AndroidManifest.xml:25:13-163
52            android:hardwareAccelerated="true"
52-->src\main\AndroidManifest.xml:26:13-47
53            android:launchMode="singleTop"
53-->src\main\AndroidManifest.xml:23:13-43
54            android:theme="@style/LaunchTheme"
54-->src\main\AndroidManifest.xml:24:13-47
55            android:windowSoftInputMode="adjustResize" >
55-->src\main\AndroidManifest.xml:27:13-55
56
57            <!--
58                 Specifies an Android theme to apply to this Activity as soon as
59                 the Android process has started. This theme is visible to the user
60                 while the Flutter UI initializes. After that, this theme continues
61                 to determine the Window background behind the Flutter UI.
62            -->
63            <meta-data
63-->src\main\AndroidManifest.xml:32:13-35:17
64                android:name="io.flutter.embedding.android.NormalTheme"
64-->src\main\AndroidManifest.xml:33:15-70
65                android:resource="@style/NormalTheme" />
65-->src\main\AndroidManifest.xml:34:15-52
66            <!--
67                 Displays an Android View that continues showing the launch screen
68                 Drawable until Flutter paints its first frame, then this splash
69                 screen fades out. A splash screen is useful to avoid any visual
70                 gap between the end of Android's launch screen and the painting of
71                 Flutter's first frame.
72            -->
73            <meta-data
73-->src\main\AndroidManifest.xml:41:13-44:17
74                android:name="io.flutter.embedding.android.SplashScreenDrawable"
74-->src\main\AndroidManifest.xml:42:15-79
75                android:resource="@drawable/launch_background" />
75-->src\main\AndroidManifest.xml:43:15-61
76
77            <intent-filter>
77-->src\main\AndroidManifest.xml:45:13-48:29
78                <action android:name="android.intent.action.MAIN" />
78-->src\main\AndroidManifest.xml:46:17-68
78-->src\main\AndroidManifest.xml:46:25-66
79
80                <category android:name="android.intent.category.LAUNCHER" />
80-->src\main\AndroidManifest.xml:47:17-76
80-->src\main\AndroidManifest.xml:47:27-74
81            </intent-filter>
82            <intent-filter>
82-->src\main\AndroidManifest.xml:49:13-52:29
83                <action android:name="FLUTTER_NOTIFICATION_CLICK" />
83-->src\main\AndroidManifest.xml:50:17-69
83-->src\main\AndroidManifest.xml:50:25-66
84
85                <category android:name="android.intent.category.DEFAULT" />
85-->src\main\AndroidManifest.xml:51:17-76
85-->src\main\AndroidManifest.xml:51:27-73
86            </intent-filter>
87        </activity>
88        <!--
89             Don't delete the meta-data below.
90             This is used by the Flutter tool to generate GeneratedPluginRegistrant.java
91        -->
92        <meta-data
92-->src\main\AndroidManifest.xml:56:9-58:33
93            android:name="flutterEmbedding"
93-->src\main\AndroidManifest.xml:57:13-44
94            android:value="2" />
94-->src\main\AndroidManifest.xml:58:13-30
95        <meta-data
95-->src\main\AndroidManifest.xml:60:9-61:70
96            android:name="com.google.android.geo.API_KEY"
96-->src\main\AndroidManifest.xml:60:20-65
97            android:value="AIzaSyBJzh10NWpI0_XqmOV4v4AaH1QNx4CskpQ" />
97-->src\main\AndroidManifest.xml:61:13-68
98        <meta-data
98-->src\main\AndroidManifest.xml:62:9-64:56
99            android:name="com.google.firebase.messaging.default_notification_icon"
99-->src\main\AndroidManifest.xml:63:13-83
100            android:resource="@mipmap/launcher_icon" />
100-->src\main\AndroidManifest.xml:64:13-53
101        <meta-data
101-->src\main\AndroidManifest.xml:65:9-67:70
102            android:name="com.google.firebase.messaging.default_notification_channel_id"
102-->src\main\AndroidManifest.xml:66:13-89
103            android:value="@string/default_notification_channel_id" />
103-->src\main\AndroidManifest.xml:67:13-68
104
105        <service
105-->[:firebase_auth] AndroidManifest.xml:8:9-12:19
106            android:name="com.google.firebase.components.ComponentDiscoveryService"
106-->[:firebase_auth] AndroidManifest.xml:8:18-89
107            android:directBootAware="true"
107-->[com.google.firebase:firebase-common:20.0.0] AndroidManifest.xml:35:13-43
108            android:exported="false" >
108-->[com.google.firebase:firebase-auth-ktx:21.0.1] AndroidManifest.xml:10:13-37
109            <meta-data
109-->[:firebase_auth] AndroidManifest.xml:9:13-11:85
110                android:name="com.google.firebase.components:io.flutter.plugins.firebase.auth.FlutterFirebaseAuthRegistrar"
110-->[:firebase_auth] AndroidManifest.xml:10:17-124
111                android:value="com.google.firebase.components.ComponentRegistrar" />
111-->[:firebase_auth] AndroidManifest.xml:11:17-82
112            <meta-data
112-->[:firebase_messaging] AndroidManifest.xml:34:13-36:85
113                android:name="com.google.firebase.components:io.flutter.plugins.firebase.messaging.FlutterFirebaseAppRegistrar"
113-->[:firebase_messaging] AndroidManifest.xml:35:17-128
114                android:value="com.google.firebase.components.ComponentRegistrar" />
114-->[:firebase_messaging] AndroidManifest.xml:36:17-82
115            <meta-data
115-->[:firebase_core] AndroidManifest.xml:9:13-11:85
116                android:name="com.google.firebase.components:io.flutter.plugins.firebase.core.FlutterFirebaseCoreRegistrar"
116-->[:firebase_core] AndroidManifest.xml:10:17-124
117                android:value="com.google.firebase.components.ComponentRegistrar" />
117-->[:firebase_core] AndroidManifest.xml:11:17-82
118            <meta-data
118-->[com.google.firebase:firebase-auth-ktx:21.0.1] AndroidManifest.xml:11:13-13:85
119                android:name="com.google.firebase.components:com.google.firebase.auth.ktx.FirebaseAuthKtxRegistrar"
119-->[com.google.firebase:firebase-auth-ktx:21.0.1] AndroidManifest.xml:12:17-116
120                android:value="com.google.firebase.components.ComponentRegistrar" />
120-->[com.google.firebase:firebase-auth-ktx:21.0.1] AndroidManifest.xml:13:17-82
121            <meta-data
121-->[com.google.firebase:firebase-common-ktx:20.0.0] AndroidManifest.xml:15:13-17:85
122                android:name="com.google.firebase.components:com.google.firebase.ktx.FirebaseCommonKtxRegistrar"
122-->[com.google.firebase:firebase-common-ktx:20.0.0] AndroidManifest.xml:16:17-113
123                android:value="com.google.firebase.components.ComponentRegistrar" />
123-->[com.google.firebase:firebase-common-ktx:20.0.0] AndroidManifest.xml:17:17-82
124            <meta-data
124-->[com.google.firebase:firebase-messaging:22.0.0] AndroidManifest.xml:52:13-54:85
125                android:name="com.google.firebase.components:com.google.firebase.messaging.FirebaseMessagingRegistrar"
125-->[com.google.firebase:firebase-messaging:22.0.0] AndroidManifest.xml:53:17-119
126                android:value="com.google.firebase.components.ComponentRegistrar" />
126-->[com.google.firebase:firebase-messaging:22.0.0] AndroidManifest.xml:54:17-82
127            <meta-data
127-->[com.google.firebase:firebase-datatransport:18.0.0] AndroidManifest.xml:28:13-30:85
128                android:name="com.google.firebase.components:com.google.firebase.datatransport.TransportRegistrar"
128-->[com.google.firebase:firebase-datatransport:18.0.0] AndroidManifest.xml:29:17-115
129                android:value="com.google.firebase.components.ComponentRegistrar" />
129-->[com.google.firebase:firebase-datatransport:18.0.0] AndroidManifest.xml:30:17-82
130            <meta-data
130-->[com.google.firebase:firebase-auth:21.0.1] AndroidManifest.xml:77:13-79:85
131                android:name="com.google.firebase.components:com.google.firebase.auth.FirebaseAuthRegistrar"
131-->[com.google.firebase:firebase-auth:21.0.1] AndroidManifest.xml:78:17-109
132                android:value="com.google.firebase.components.ComponentRegistrar" />
132-->[com.google.firebase:firebase-auth:21.0.1] AndroidManifest.xml:79:17-82
133            <meta-data
133-->[com.google.android.gms:play-services-measurement-api:19.0.1] AndroidManifest.xml:30:13-32:85
134                android:name="com.google.firebase.components:com.google.firebase.analytics.connector.internal.AnalyticsConnectorRegistrar"
134-->[com.google.android.gms:play-services-measurement-api:19.0.1] AndroidManifest.xml:31:17-139
135                android:value="com.google.firebase.components.ComponentRegistrar" />
135-->[com.google.android.gms:play-services-measurement-api:19.0.1] AndroidManifest.xml:32:17-82
136            <meta-data
136-->[com.google.firebase:firebase-installations:17.0.0] AndroidManifest.xml:18:13-20:85
137                android:name="com.google.firebase.components:com.google.firebase.installations.FirebaseInstallationsRegistrar"
137-->[com.google.firebase:firebase-installations:17.0.0] AndroidManifest.xml:19:17-127
138                android:value="com.google.firebase.components.ComponentRegistrar" />
138-->[com.google.firebase:firebase-installations:17.0.0] AndroidManifest.xml:20:17-82
139        </service>
140        <service
140-->[:firebase_messaging] AndroidManifest.xml:12:9-15:72
141            android:name="io.flutter.plugins.firebase.messaging.FlutterFirebaseMessagingBackgroundService"
141-->[:firebase_messaging] AndroidManifest.xml:13:13-107
142            android:exported="false"
142-->[:firebase_messaging] AndroidManifest.xml:14:13-37
143            android:permission="android.permission.BIND_JOB_SERVICE" />
143-->[:firebase_messaging] AndroidManifest.xml:15:13-69
144        <service
144-->[:firebase_messaging] AndroidManifest.xml:16:9-22:19
145            android:name="io.flutter.plugins.firebase.messaging.FlutterFirebaseMessagingService"
145-->[:firebase_messaging] AndroidManifest.xml:17:13-97
146            android:exported="false" >
146-->[:firebase_messaging] AndroidManifest.xml:18:13-37
147            <intent-filter>
147-->[:firebase_messaging] AndroidManifest.xml:19:13-21:29
148                <action android:name="com.google.firebase.MESSAGING_EVENT" />
148-->[:firebase_messaging] AndroidManifest.xml:20:17-78
148-->[:firebase_messaging] AndroidManifest.xml:20:25-75
149            </intent-filter>
150        </service>
151
152        <receiver
152-->[:firebase_messaging] AndroidManifest.xml:24:9-31:20
153            android:name="io.flutter.plugins.firebase.messaging.FlutterFirebaseMessagingReceiver"
153-->[:firebase_messaging] AndroidManifest.xml:25:13-98
154            android:exported="true"
154-->[:firebase_messaging] AndroidManifest.xml:26:13-36
155            android:permission="com.google.android.c2dm.permission.SEND" >
155-->[:firebase_messaging] AndroidManifest.xml:27:13-73
156            <intent-filter>
156-->[:firebase_messaging] AndroidManifest.xml:28:13-30:29
157                <action android:name="com.google.android.c2dm.intent.RECEIVE" />
157-->[:firebase_messaging] AndroidManifest.xml:29:17-81
157-->[:firebase_messaging] AndroidManifest.xml:29:25-78
158            </intent-filter>
159        </receiver>
160
161        <provider
161-->[:firebase_messaging] AndroidManifest.xml:39:9-43:38
162            android:name="io.flutter.plugins.firebase.messaging.FlutterFirebaseMessagingInitProvider"
162-->[:firebase_messaging] AndroidManifest.xml:40:13-102
163            android:authorities="com.tatbeqakum.bilqomapp.flutterfirebasemessaginginitprovider"
163-->[:firebase_messaging] AndroidManifest.xml:41:13-88
164            android:exported="false"
164-->[:firebase_messaging] AndroidManifest.xml:42:13-37
165            android:initOrder="99" />
165-->[:firebase_messaging] AndroidManifest.xml:43:13-35
166        <provider
166-->[:image_picker] AndroidManifest.xml:8:9-16:20
167            android:name="io.flutter.plugins.imagepicker.ImagePickerFileProvider"
167-->[:image_picker] AndroidManifest.xml:9:13-82
168            android:authorities="com.tatbeqakum.bilqomapp.flutter.image_provider"
168-->[:image_picker] AndroidManifest.xml:10:13-74
169            android:exported="false"
169-->[:image_picker] AndroidManifest.xml:11:13-37
170            android:grantUriPermissions="true" >
170-->[:image_picker] AndroidManifest.xml:12:13-47
171            <meta-data
171-->[:image_picker] AndroidManifest.xml:13:13-15:75
172                android:name="android.support.FILE_PROVIDER_PATHS"
172-->[:image_picker] AndroidManifest.xml:14:17-67
173                android:resource="@xml/flutter_image_picker_file_paths" />
173-->[:image_picker] AndroidManifest.xml:15:17-72
174        </provider>
175
176        <receiver android:name="com.dexterous.flutterlocalnotifications.ScheduledNotificationReceiver" />
176-->[:flutter_local_notifications] AndroidManifest.xml:12:9-106
176-->[:flutter_local_notifications] AndroidManifest.xml:12:19-103
177        <receiver android:name="com.dexterous.flutterlocalnotifications.ScheduledNotificationBootReceiver" >
177-->[:flutter_local_notifications] AndroidManifest.xml:13:9-20:20
177-->[:flutter_local_notifications] AndroidManifest.xml:13:19-107
178            <intent-filter>
178-->[:flutter_local_notifications] AndroidManifest.xml:14:13-19:29
179                <action android:name="android.intent.action.BOOT_COMPLETED" />
179-->[:flutter_local_notifications] AndroidManifest.xml:15:17-79
179-->[:flutter_local_notifications] AndroidManifest.xml:15:25-76
180                <action android:name="android.intent.action.MY_PACKAGE_REPLACED" />
180-->[:flutter_local_notifications] AndroidManifest.xml:16:17-84
180-->[:flutter_local_notifications] AndroidManifest.xml:16:25-81
181                <action android:name="android.intent.action.QUICKBOOT_POWERON" />
181-->[:flutter_local_notifications] AndroidManifest.xml:17:17-82
181-->[:flutter_local_notifications] AndroidManifest.xml:17:25-79
182                <action android:name="com.htc.intent.action.QUICKBOOT_POWERON" />
182-->[:flutter_local_notifications] AndroidManifest.xml:18:17-82
182-->[:flutter_local_notifications] AndroidManifest.xml:18:25-79
183            </intent-filter>
184        </receiver>
185
186        <activity
186-->[:url_launcher] AndroidManifest.xml:8:9-11:74
187            android:name="io.flutter.plugins.urllauncher.WebViewActivity"
187-->[:url_launcher] AndroidManifest.xml:9:13-74
188            android:exported="false"
188-->[:url_launcher] AndroidManifest.xml:10:13-37
189            android:theme="@android:style/Theme.NoTitleBar.Fullscreen" />
189-->[:url_launcher] AndroidManifest.xml:11:13-71
190
191        <provider
191-->[:share] AndroidManifest.xml:8:9-16:20
192            android:name="io.flutter.plugins.share.ShareFileProvider"
192-->[:share] AndroidManifest.xml:9:13-70
193            android:authorities="com.tatbeqakum.bilqomapp.flutter.share_provider"
193-->[:share] AndroidManifest.xml:10:13-74
194            android:exported="false"
194-->[:share] AndroidManifest.xml:11:13-37
195            android:grantUriPermissions="true" >
195-->[:share] AndroidManifest.xml:12:13-47
196            <meta-data
196-->[:image_picker] AndroidManifest.xml:13:13-15:75
197                android:name="android.support.FILE_PROVIDER_PATHS"
197-->[:image_picker] AndroidManifest.xml:14:17-67
198                android:resource="@xml/flutter_share_file_paths" />
198-->[:image_picker] AndroidManifest.xml:15:17-72
199        </provider>
200
201        <service
201-->[:location] AndroidManifest.xml:11:9-15:56
202            android:name="com.lyokone.location.FlutterLocationService"
202-->[:location] AndroidManifest.xml:12:13-71
203            android:enabled="true"
203-->[:location] AndroidManifest.xml:13:13-35
204            android:exported="false"
204-->[:location] AndroidManifest.xml:14:13-37
205            android:foregroundServiceType="location" />
205-->[:location] AndroidManifest.xml:15:13-53
206
207        <receiver
207-->[com.google.firebase:firebase-messaging:22.0.0] AndroidManifest.xml:28:9-35:20
208            android:name="com.google.firebase.iid.FirebaseInstanceIdReceiver"
208-->[com.google.firebase:firebase-messaging:22.0.0] AndroidManifest.xml:29:13-78
209            android:exported="true"
209-->[com.google.firebase:firebase-messaging:22.0.0] AndroidManifest.xml:30:13-36
210            android:permission="com.google.android.c2dm.permission.SEND" >
210-->[com.google.firebase:firebase-messaging:22.0.0] AndroidManifest.xml:31:13-73
211            <intent-filter>
211-->[:firebase_messaging] AndroidManifest.xml:28:13-30:29
212                <action android:name="com.google.android.c2dm.intent.RECEIVE" />
212-->[:firebase_messaging] AndroidManifest.xml:29:17-81
212-->[:firebase_messaging] AndroidManifest.xml:29:25-78
213            </intent-filter>
214        </receiver>
215        <!--
216             FirebaseMessagingService performs security checks at runtime,
217             but set to not exported to explicitly avoid allowing another app to call it.
218        -->
219        <service
219-->[com.google.firebase:firebase-messaging:22.0.0] AndroidManifest.xml:41:9-48:19
220            android:name="com.google.firebase.messaging.FirebaseMessagingService"
220-->[com.google.firebase:firebase-messaging:22.0.0] AndroidManifest.xml:42:13-82
221            android:directBootAware="true"
221-->[com.google.firebase:firebase-messaging:22.0.0] AndroidManifest.xml:43:13-43
222            android:exported="false" >
222-->[com.google.firebase:firebase-messaging:22.0.0] AndroidManifest.xml:44:13-37
223            <intent-filter android:priority="-500" >
223-->[:firebase_messaging] AndroidManifest.xml:19:13-21:29
224                <action android:name="com.google.firebase.MESSAGING_EVENT" />
224-->[:firebase_messaging] AndroidManifest.xml:20:17-78
224-->[:firebase_messaging] AndroidManifest.xml:20:25-75
225            </intent-filter>
226        </service>
227        <service
227-->[com.google.android.datatransport:transport-backend-cct:3.0.0] AndroidManifest.xml:29:9-35:19
228            android:name="com.google.android.datatransport.runtime.backends.TransportBackendDiscovery"
228-->[com.google.android.datatransport:transport-backend-cct:3.0.0] AndroidManifest.xml:30:13-103
229            android:exported="false" >
229-->[com.google.android.datatransport:transport-backend-cct:3.0.0] AndroidManifest.xml:31:13-37
230            <meta-data
230-->[com.google.android.datatransport:transport-backend-cct:3.0.0] AndroidManifest.xml:32:13-34:39
231                android:name="backend:com.google.android.datatransport.cct.CctBackendFactory"
231-->[com.google.android.datatransport:transport-backend-cct:3.0.0] AndroidManifest.xml:33:17-94
232                android:value="cct" />
232-->[com.google.android.datatransport:transport-backend-cct:3.0.0] AndroidManifest.xml:34:17-36
233        </service>
234
235        <activity
235-->[com.google.firebase:firebase-auth:21.0.1] AndroidManifest.xml:27:9-44:20
236            android:name="com.google.firebase.auth.internal.GenericIdpActivity"
236-->[com.google.firebase:firebase-auth:21.0.1] AndroidManifest.xml:28:13-80
237            android:excludeFromRecents="true"
237-->[com.google.firebase:firebase-auth:21.0.1] AndroidManifest.xml:29:13-46
238            android:exported="true"
238-->[com.google.firebase:firebase-auth:21.0.1] AndroidManifest.xml:30:13-36
239            android:launchMode="singleTask"
239-->[com.google.firebase:firebase-auth:21.0.1] AndroidManifest.xml:31:13-44
240            android:theme="@android:style/Theme.Translucent.NoTitleBar" >
240-->[com.google.firebase:firebase-auth:21.0.1] AndroidManifest.xml:32:13-72
241            <intent-filter>
241-->[com.google.firebase:firebase-auth:21.0.1] AndroidManifest.xml:33:13-43:29
242                <action android:name="android.intent.action.VIEW" />
242-->[com.google.firebase:firebase-auth:21.0.1] AndroidManifest.xml:34:17-69
242-->[com.google.firebase:firebase-auth:21.0.1] AndroidManifest.xml:34:25-66
243
244                <category android:name="android.intent.category.DEFAULT" />
244-->src\main\AndroidManifest.xml:51:17-76
244-->src\main\AndroidManifest.xml:51:27-73
245                <category android:name="android.intent.category.BROWSABLE" />
245-->[com.google.firebase:firebase-auth:21.0.1] AndroidManifest.xml:37:17-78
245-->[com.google.firebase:firebase-auth:21.0.1] AndroidManifest.xml:37:27-75
246
247                <data
247-->[com.google.firebase:firebase-auth:21.0.1] AndroidManifest.xml:39:17-42:51
248                    android:host="firebase.auth"
248-->[com.google.firebase:firebase-auth:21.0.1] AndroidManifest.xml:40:21-49
249                    android:path="/"
249-->[com.google.firebase:firebase-auth:21.0.1] AndroidManifest.xml:41:21-37
250                    android:scheme="genericidp" />
250-->[com.google.firebase:firebase-auth:21.0.1] AndroidManifest.xml:42:21-48
251            </intent-filter>
252        </activity>
253        <activity
253-->[com.google.firebase:firebase-auth:21.0.1] AndroidManifest.xml:45:9-62:20
254            android:name="com.google.firebase.auth.internal.RecaptchaActivity"
254-->[com.google.firebase:firebase-auth:21.0.1] AndroidManifest.xml:46:13-79
255            android:excludeFromRecents="true"
255-->[com.google.firebase:firebase-auth:21.0.1] AndroidManifest.xml:47:13-46
256            android:exported="true"
256-->[com.google.firebase:firebase-auth:21.0.1] AndroidManifest.xml:48:13-36
257            android:launchMode="singleTask"
257-->[com.google.firebase:firebase-auth:21.0.1] AndroidManifest.xml:49:13-44
258            android:theme="@android:style/Theme.Translucent.NoTitleBar" >
258-->[com.google.firebase:firebase-auth:21.0.1] AndroidManifest.xml:50:13-72
259            <intent-filter>
259-->[com.google.firebase:firebase-auth:21.0.1] AndroidManifest.xml:51:13-61:29
260                <action android:name="android.intent.action.VIEW" />
260-->[com.google.firebase:firebase-auth:21.0.1] AndroidManifest.xml:34:17-69
260-->[com.google.firebase:firebase-auth:21.0.1] AndroidManifest.xml:34:25-66
261
262                <category android:name="android.intent.category.DEFAULT" />
262-->src\main\AndroidManifest.xml:51:17-76
262-->src\main\AndroidManifest.xml:51:27-73
263                <category android:name="android.intent.category.BROWSABLE" />
263-->[com.google.firebase:firebase-auth:21.0.1] AndroidManifest.xml:37:17-78
263-->[com.google.firebase:firebase-auth:21.0.1] AndroidManifest.xml:37:27-75
264
265                <data
265-->[com.google.firebase:firebase-auth:21.0.1] AndroidManifest.xml:39:17-42:51
266                    android:host="firebase.auth"
266-->[com.google.firebase:firebase-auth:21.0.1] AndroidManifest.xml:40:21-49
267                    android:path="/"
267-->[com.google.firebase:firebase-auth:21.0.1] AndroidManifest.xml:41:21-37
268                    android:scheme="recaptcha" />
268-->[com.google.firebase:firebase-auth:21.0.1] AndroidManifest.xml:42:21-48
269            </intent-filter>
270        </activity>
271
272        <service
272-->[com.google.firebase:firebase-auth:21.0.1] AndroidManifest.xml:64:9-73:19
273            android:name="com.google.firebase.auth.api.fallback.service.FirebaseAuthFallbackService"
273-->[com.google.firebase:firebase-auth:21.0.1] AndroidManifest.xml:65:13-101
274            android:enabled="true"
274-->[com.google.firebase:firebase-auth:21.0.1] AndroidManifest.xml:66:13-35
275            android:exported="false" >
275-->[com.google.firebase:firebase-auth:21.0.1] AndroidManifest.xml:67:13-37
276            <intent-filter>
276-->[com.google.firebase:firebase-auth:21.0.1] AndroidManifest.xml:68:13-72:29
277                <action android:name="com.google.firebase.auth.api.gms.service.START" />
277-->[com.google.firebase:firebase-auth:21.0.1] AndroidManifest.xml:69:17-89
277-->[com.google.firebase:firebase-auth:21.0.1] AndroidManifest.xml:69:25-86
278
279                <category android:name="android.intent.category.DEFAULT" />
279-->src\main\AndroidManifest.xml:51:17-76
279-->src\main\AndroidManifest.xml:51:27-73
280            </intent-filter>
281        </service>
282
283        <provider
283-->[com.google.firebase:firebase-common:20.0.0] AndroidManifest.xml:26:9-31:39
284            android:name="com.google.firebase.provider.FirebaseInitProvider"
284-->[com.google.firebase:firebase-common:20.0.0] AndroidManifest.xml:27:13-77
285            android:authorities="com.tatbeqakum.bilqomapp.firebaseinitprovider"
285-->[com.google.firebase:firebase-common:20.0.0] AndroidManifest.xml:28:13-72
286            android:directBootAware="true"
286-->[com.google.firebase:firebase-common:20.0.0] AndroidManifest.xml:29:13-43
287            android:exported="false"
287-->[com.google.firebase:firebase-common:20.0.0] AndroidManifest.xml:30:13-37
288            android:initOrder="100" />
288-->[com.google.firebase:firebase-common:20.0.0] AndroidManifest.xml:31:13-36
289
290        <receiver
290-->[com.google.android.gms:play-services-measurement:19.0.1] AndroidManifest.xml:29:9-33:20
291            android:name="com.google.android.gms.measurement.AppMeasurementReceiver"